<?xml version="1.0" encoding="UTF-8"?>
<testsuite xmlns:xsi="http://www.w3.org/2001/XMLSchema-instance" xsi:noNamespaceSchemaLocation="https://maven.apache.org/surefire/maven-surefire-plugin/xsd/surefire-test-report-3.0.xsd" version="3.0" name="com.globalsolution.backend.BackendApplicationTests" time="5.807" tests="1" errors="0" skipped="0" failures="0">
  <properties>
[...]
</properties>
  <testcase name="contextLoads" classname="com.globalsolution.backend.BackendApplicationTests" time="0.432">
    <system-out><![CDATA[22:32:14.142 [main] INFO org.springframework.test.context.support.AnnotationConfigContextLoaderUtils -- Could not detect default configuration classes for test class [com.globalsolution.backend.BackendApplicationTests]: BackendApplicationTests does not declare any static, non-private, non-final, nested classes annotated with @Configuration.
22:32:14.216 [main] INFO org.springframework.boot.test.context.SpringBootTestContextBootstrapper -- Found @SpringBootConfiguration com.globalsolution.backend.BackendApplication for test class com.globalsolution.backend.BackendApplicationTests
  .   ____          _            __ _ _
 /\\ / ___'_ __ _ _(_)_ __  __ _ \ \ \ \
( ( )\___ | '_ | '_| | '_ \/ _` | \ \ \ \
 \\/  ___)| |_)| | | | | || (_| |  ) ) ) )
  '  |____| .__|_| |_|_| |_\__, | / / / /
 =========|_|==============|___/=/_/_/_/

 :: Spring Boot ::                (v3.3.0)

2025-11-18T22:32:14.567-03:00  INFO 35240 --- [           main] c.g.backend.BackendApplicationTests      : Starting BackendApplicationTests using Java 17.0.15 with PID 35240 (started by guiar in C:\Users\guiar\Downloads\backend\backend)
2025-11-18T22:32:14.569-03:00  INFO 35240 --- [           main] c.g.backend.BackendApplicationTests      : No active profile set, falling back to 1 default profile: "default"
2025-11-18T22:32:15.445-03:00  INFO 35240 --- [           main] .s.d.r.c.RepositoryConfigurationDelegate : Bootstrapping Spring Data JPA repositories in DEFAULT mode.
2025-11-18T22:32:15.504-03:00  INFO 35240 --- [           main] .s.d.r.c.RepositoryConfigurationDelegate : Finished Spring Data repository scanning in 51 ms. Found 3 JPA repository interfaces.
2025-11-18T22:32:16.108-03:00  INFO 35240 --- [           main] o.hibernate.jpa.internal.util.LogHelper  : HHH000204: Processing PersistenceUnitInfo [name: default]
2025-11-18T22:32:16.190-03:00  INFO 35240 --- [           main] org.hibernate.Version                    : HHH000412: Hibernate ORM core version 6.5.2.Final
2025-11-18T22:32:16.230-03:00  INFO 35240 --- [           main] o.h.c.internal.RegionFactoryInitiator    : HHH000026: Second-level cache disabled
2025-11-18T22:32:16.590-03:00  INFO 35240 --- [           main] o.s.o.j.p.SpringPersistenceUnitInfo      : No LoadTimeWeaver setup: ignoring JPA class transformer
2025-11-18T22:32:16.621-03:00  INFO 35240 --- [           main] com.zaxxer.hikari.HikariDataSource       : HikariPool-1 - Starting...
2025-11-18T22:32:16.788-03:00  INFO 35240 --- [           main] com.zaxxer.hikari.pool.HikariPool        : HikariPool-1 - Added connection com.mysql.cj.jdbc.ConnectionImpl@6aa6c17
2025-11-18T22:32:16.789-03:00  INFO 35240 --- [           main] com.zaxxer.hikari.HikariDataSource       : HikariPool-1 - Start completed.
2025-11-18T22:32:16.835-03:00  WARN 35240 --- [           main] org.hibernate.orm.deprecation            : HHH90000025: MySQLDialect does not need to be specified explicitly using 'hibernate.dialect' (remove the property setting and it will be selected by default)
2025-11-18T22:32:17.599-03:00  INFO 35240 --- [           main] o.h.e.t.j.p.i.JtaPlatformInitiator       : HHH000489: No JTA platform available (set 'hibernate.transaction.jta.platform' to enable JTA platform integration)
Hibernate: create table inscricoes (id bigint not null auto_increment, concluida bit not null, inscricao_em datetime(6), trilha_id bigint not null, usuario_id bigint not null, primary key (id)) engine=InnoDB
Hibernate: create table trilhas (id bigint not null auto_increment, carga_horaria integer check (carga_horaria>=1), descricao varchar(1000), nivel enum ('AVANCADO','INICIANTE','INTERMEDIARIO'), titulo varchar(150) not null, primary key (id)) engine=InnoDB
Hibernate: create table usuarios (id bigint not null auto_increment, email varchar(255) not null, nivel enum ('AVANCADO','INICIANTE','INTERMEDIARIO'), nome varchar(100) not null, profissao varchar(100), primary key (id)) engine=InnoDB
Hibernate: alter table inscricoes drop index UKih6r66d9ply13qhokev62g7qw
Hibernate: alter table inscricoes add constraint UKih6r66d9ply13qhokev62g7qw unique (usuario_id, trilha_id)
Hibernate: alter table usuarios drop index UKkfsp0s1tflm1cwlj8idhqsad0
Hibernate: alter table usuarios add constraint UKkfsp0s1tflm1cwlj8idhqsad0 unique (email)
Hibernate: alter table inscricoes add constraint FK5wofgffwssw07abexcrtplr7q foreign key (trilha_id) references trilhas (id)
Hibernate: alter table inscricoes add constraint FK91ql8owoy4udhadyryf92a8ma foreign key (usuario_id) references usuarios (id)
2025-11-18T22:32:17.830-03:00  INFO 35240 --- [           main] j.LocalContainerEntityManagerFactoryBean : Initialized JPA EntityManagerFactory for persistence unit 'default'
2025-11-18T22:32:18.711-03:00  WARN 35240 --- [           main] JpaBaseConfiguration$JpaWebConfiguration : spring.jpa.open-in-view is enabled by default. Therefore, database queries may be performed during view rendering. Explicitly configure spring.jpa.open-in-view to disable this warning
2025-11-18T22:32:19.334-03:00  INFO 35240 --- [           main] c.g.backend.BackendApplicationTests      : Started BackendApplicationTests in 4.979 seconds (process running for 5.759)
]]></system-out>
  </testcase>
</testsuite>